7          bikesonbikes@unclemando.com
7          bikesonbikes@unclemando.com
7          bikesonbikes@unclemando.com
7          bikesonbikes@unclemando.com
8          cap@unclemando.com
8          cap@unclemando.com
8          cap@unclemando.com
8          cap@unclemando.com
1          eric5solorio@unclemando.com
1          eric5solorio@unclemando.com
1          eric5solorio@unclemando.com
1          eric5solorio@unclemando.com
1          eric5solorio@unclemando.com
2          juliangrado@unclemando.com
2          juliangrado@unclemando.com
2          juliangrado@unclemando.com
2          juliangrado@unclemando.com
2          juliangrado@unclemando.com
4          robertd@unclemando.com
4          robertd@unclemando.com
4          robertd@unclemando.com
4          robertd@unclemando.com
4          robertd@unclemando.com
3          samual@unclemando.com
3          samual@unclemando.com
3          samual@unclemando.com
3          samual@unclemando.com
3          samual@unclemando.com
6          springfield@unclemando.com
6          springfield@unclemando.com
6          springfield@unclemando.com
6          springfield@unclemando.com
6          springfield@unclemando.com
5          targetgirl@unclemando.com
5          targetgirl@unclemando.com
5          targetgirl@unclemando.com
5          targetgirl@unclemando.com
5          targetgirl@unclemando.com
9          theboi@unclemando.com
9          theboi@unclemando.com
