WRX-STI             SUBARU
CAMARY              TOYOTA
WRX-STI             SUBARU
CAMARY              TOYOTA
WRX-STI             SUBARU
CAMARY              TOYOTA
WRX-STI             SUBARU
CAMARY              TOYOTA
WRX-STI             SUBARU
CAMARY              TOYOTA
CAMARY              TOYOTA
CAMARY              TOYOTA
CORVETTE-C8         CHEVEROLET
P1                  MCLAREN
P1                  MCLAREN
LFA                 LEXUS
CAMARY              TOYOTA
CAMARY              TOYOTA
CAMARY              TOYOTA
CORVETTE-C8         CHEVEROLET
P1                  MCLAREN
P1                  MCLAREN
